<?xml version="1.0" encoding="UTF-8"?>
<!-- Generated by org.testng.reporters.JUnitReportReporter -->
<testsuite hostname="sivareddy" name="test.selenium.web.SeleniumWebTest" tests="4" failures="0" timestamp="26 Jun 2020 05:18:50 GMT" time="86.406" errors="0">
  <testcase name="testIsOkButtonPresent" time="1.562" classname="test.selenium.web.SeleniumWebTest"/>
  <testcase name="testIsSubmitButtonPresent" time="14.954" classname="test.selenium.web.SeleniumWebTest"/>
  <testcase name="testIsResetButtonPresent" time="1.528" classname="test.selenium.web.SeleniumWebTest"/>
  <testcase name="testIsImagePresent" time="68.362" classname="test.selenium.web.SeleniumWebTest"/>
</testsuite> <!-- test.selenium.web.SeleniumWebTest -->
